INFO [2018-05-09 18:27:14] starting offsetsim
INFO [2018-05-09 18:28:11] starting offsetsim
INFO [2018-05-09 18:28:11] writing simulation outputs into /Users/E24661/offset_data/Sydney_Cumberland_Data//simulation_runs/00031/
INFO [2018-05-09 18:28:12] Running 1 scenarios with 1 realisations on 1 cores
INFO [2018-05-09 18:28:12] running scenario 1 of 1 in net_gains mode with restore offsets
INFO [2018-05-09 18:28:13] developing 1000 of 1278 available sites with 1278 available offset_sites in a landscape with 31387 sites and 3730 x 2618 elements
INFO [2018-05-09 18:28:13] current data dir is /Users/E24661/offset_data/Sydney_Cumberland_Data//simulation_runs/00031//simulation_outputs/scenario_001/realisation_001/
INFO [2018-05-09 18:28:13] ~~~~~~~~~~~~~~~~~~~~~~~~~~~~~~~~~~~~~~~~
INFO [2018-05-09 18:28:13] t = 1
INFO [2018-05-09 18:29:19] starting offsetsim
INFO [2018-05-09 18:29:19] writing simulation outputs into /Users/E24661/offset_data/Sydney_Cumberland_Data//simulation_runs/00032/
INFO [2018-05-09 18:29:20] Running 1 scenarios with 1 realisations on 1 cores
INFO [2018-05-09 18:29:20] running scenario 1 of 1 in net_gains mode with restore offsets
INFO [2018-05-09 18:29:21] developing 500 of 1278 available sites with 1278 available offset_sites in a landscape with 31387 sites and 3730 x 2618 elements
INFO [2018-05-09 18:29:21] current data dir is /Users/E24661/offset_data/Sydney_Cumberland_Data//simulation_runs/00032//simulation_outputs/scenario_001/realisation_001/
INFO [2018-05-09 18:29:21] ~~~~~~~~~~~~~~~~~~~~~~~~~~~~~~~~~~~~~~~~
INFO [2018-05-09 18:29:21] t = 1
INFO [2018-05-09 18:32:52] starting offsetsim
INFO [2018-05-09 18:32:52] writing simulation outputs into /Users/E24661/offset_data/Sydney_Cumberland_Data//simulation_runs/00033/
INFO [2018-05-09 18:32:53] Running 1 scenarios with 1 realisations on 1 cores
INFO [2018-05-09 18:32:53] running scenario 1 of 1 in net_gains mode with restore offsets
INFO [2018-05-09 18:32:54] developing 500 of 1278 available sites with 1278 available offset_sites in a landscape with 31387 sites and 3730 x 2618 elements
INFO [2018-05-09 18:32:54] current data dir is /Users/E24661/offset_data/Sydney_Cumberland_Data//simulation_runs/00033//simulation_outputs/scenario_001/realisation_001/
INFO [2018-05-09 18:32:54] ~~~~~~~~~~~~~~~~~~~~~~~~~~~~~~~~~~~~~~~~
INFO [2018-05-09 18:32:54] t = 1
INFO [2018-05-09 21:47:07] ~~~~~~~~~~~~~~~~~~~~~~~~~~~~~~~~~~~~~~~~
INFO [2018-05-09 21:47:07] t = 2
INFO [2018-05-09 21:48:26] starting offsetsim
INFO [2018-05-09 21:48:26] writing simulation outputs into /Users/E24661/offset_data/Sydney_Cumberland_Data//simulation_runs/00034/
INFO [2018-05-09 21:48:28] Running 1 scenarios with 1 realisations on 1 cores
INFO [2018-05-09 21:48:28] running scenario 1 of 1 in net_gains mode with restore offsets
INFO [2018-05-09 21:48:28] developing 500 of 1278 available sites with 1278 available offset_sites in a landscape with 31387 sites and 3730 x 2618 elements
INFO [2018-05-09 21:48:28] current data dir is /Users/E24661/offset_data/Sydney_Cumberland_Data//simulation_runs/00034//simulation_outputs/scenario_001/realisation_001/
INFO [2018-05-09 21:48:28] ~~~~~~~~~~~~~~~~~~~~~~~~~~~~~~~~~~~~~~~~
INFO [2018-05-09 21:48:28] t = 1
INFO [2018-05-09 21:57:24] ~~~~~~~~~~~~~~~~~~~~~~~~~~~~~~~~~~~~~~~~
INFO [2018-05-09 21:57:24] t = 2
INFO [2018-05-09 22:09:24] ~~~~~~~~~~~~~~~~~~~~~~~~~~~~~~~~~~~~~~~~
INFO [2018-05-09 22:09:24] t = 3
INFO [2018-05-09 22:21:45] ~~~~~~~~~~~~~~~~~~~~~~~~~~~~~~~~~~~~~~~~
INFO [2018-05-09 22:21:45] t = 4
INFO [2018-05-09 22:32:32] ~~~~~~~~~~~~~~~~~~~~~~~~~~~~~~~~~~~~~~~~
INFO [2018-05-09 22:32:32] t = 5
INFO [2018-05-09 22:42:41] ~~~~~~~~~~~~~~~~~~~~~~~~~~~~~~~~~~~~~~~~
INFO [2018-05-09 22:42:41] t = 6
INFO [2018-05-09 22:51:56] ~~~~~~~~~~~~~~~~~~~~~~~~~~~~~~~~~~~~~~~~
INFO [2018-05-09 22:51:56] t = 7
INFO [2018-05-09 23:00:08] ~~~~~~~~~~~~~~~~~~~~~~~~~~~~~~~~~~~~~~~~
INFO [2018-05-09 23:00:08] t = 8
INFO [2018-05-09 23:07:42] ~~~~~~~~~~~~~~~~~~~~~~~~~~~~~~~~~~~~~~~~
INFO [2018-05-09 23:07:42] t = 9
INFO [2018-05-09 23:15:50] ~~~~~~~~~~~~~~~~~~~~~~~~~~~~~~~~~~~~~~~~
INFO [2018-05-09 23:15:50] t = 10
INFO [2018-05-09 23:22:01] ~~~~~~~~~~~~~~~~~~~~~~~~~~~~~~~~~~~~~~~~
INFO [2018-05-09 23:22:01] t = 11
INFO [2018-05-09 23:33:43] ~~~~~~~~~~~~~~~~~~~~~~~~~~~~~~~~~~~~~~~~
INFO [2018-05-09 23:33:43] t = 12
INFO [2018-05-09 23:43:21] ~~~~~~~~~~~~~~~~~~~~~~~~~~~~~~~~~~~~~~~~
INFO [2018-05-09 23:43:21] t = 13
INFO [2018-05-09 23:52:03] ~~~~~~~~~~~~~~~~~~~~~~~~~~~~~~~~~~~~~~~~
INFO [2018-05-09 23:52:03] t = 14
INFO [2018-05-10 00:02:13] ~~~~~~~~~~~~~~~~~~~~~~~~~~~~~~~~~~~~~~~~
INFO [2018-05-10 00:02:13] t = 15
INFO [2018-05-10 00:12:24] ~~~~~~~~~~~~~~~~~~~~~~~~~~~~~~~~~~~~~~~~
INFO [2018-05-10 00:12:24] t = 16
INFO [2018-05-10 00:22:10] ~~~~~~~~~~~~~~~~~~~~~~~~~~~~~~~~~~~~~~~~
INFO [2018-05-10 00:22:10] t = 17
INFO [2018-05-10 00:33:19] ~~~~~~~~~~~~~~~~~~~~~~~~~~~~~~~~~~~~~~~~
INFO [2018-05-10 00:33:19] t = 18
INFO [2018-05-10 00:42:29] ~~~~~~~~~~~~~~~~~~~~~~~~~~~~~~~~~~~~~~~~
INFO [2018-05-10 00:42:29] t = 19
INFO [2018-05-10 00:54:05] ~~~~~~~~~~~~~~~~~~~~~~~~~~~~~~~~~~~~~~~~
INFO [2018-05-10 00:54:05] t = 20
INFO [2018-05-10 01:05:12] ~~~~~~~~~~~~~~~~~~~~~~~~~~~~~~~~~~~~~~~~
INFO [2018-05-10 01:05:12] t = 21
INFO [2018-05-10 01:16:49] ~~~~~~~~~~~~~~~~~~~~~~~~~~~~~~~~~~~~~~~~
INFO [2018-05-10 01:16:49] t = 22
INFO [2018-05-10 01:28:23] ~~~~~~~~~~~~~~~~~~~~~~~~~~~~~~~~~~~~~~~~
INFO [2018-05-10 01:28:23] t = 23
INFO [2018-05-10 01:34:56] ~~~~~~~~~~~~~~~~~~~~~~~~~~~~~~~~~~~~~~~~
INFO [2018-05-10 01:34:56] t = 24
INFO [2018-05-10 01:44:00] ~~~~~~~~~~~~~~~~~~~~~~~~~~~~~~~~~~~~~~~~
INFO [2018-05-10 01:44:00] t = 25
INFO [2018-05-10 01:53:31] ~~~~~~~~~~~~~~~~~~~~~~~~~~~~~~~~~~~~~~~~
INFO [2018-05-10 01:53:31] t = 26
INFO [2018-05-10 02:04:01] ~~~~~~~~~~~~~~~~~~~~~~~~~~~~~~~~~~~~~~~~
INFO [2018-05-10 02:04:01] t = 27
INFO [2018-05-10 02:14:32] ~~~~~~~~~~~~~~~~~~~~~~~~~~~~~~~~~~~~~~~~
INFO [2018-05-10 02:14:32] t = 28
INFO [2018-05-10 02:23:11] ~~~~~~~~~~~~~~~~~~~~~~~~~~~~~~~~~~~~~~~~
INFO [2018-05-10 02:23:11] t = 29
INFO [2018-05-10 02:33:40] ~~~~~~~~~~~~~~~~~~~~~~~~~~~~~~~~~~~~~~~~
INFO [2018-05-10 02:33:40] t = 30
INFO [2018-05-10 02:42:42] ~~~~~~~~~~~~~~~~~~~~~~~~~~~~~~~~~~~~~~~~
INFO [2018-05-10 02:42:42] t = 31
INFO [2018-05-10 02:53:52] ~~~~~~~~~~~~~~~~~~~~~~~~~~~~~~~~~~~~~~~~
INFO [2018-05-10 02:53:52] t = 32
INFO [2018-05-10 03:04:50] ~~~~~~~~~~~~~~~~~~~~~~~~~~~~~~~~~~~~~~~~
INFO [2018-05-10 03:04:50] t = 33
INFO [2018-05-10 03:15:22] ~~~~~~~~~~~~~~~~~~~~~~~~~~~~~~~~~~~~~~~~
INFO [2018-05-10 03:15:22] t = 34
INFO [2018-05-10 03:24:22] ~~~~~~~~~~~~~~~~~~~~~~~~~~~~~~~~~~~~~~~~
INFO [2018-05-10 03:24:22] t = 35
INFO [2018-05-10 03:33:21] ~~~~~~~~~~~~~~~~~~~~~~~~~~~~~~~~~~~~~~~~
INFO [2018-05-10 03:33:21] t = 36
INFO [2018-05-10 03:42:52] ~~~~~~~~~~~~~~~~~~~~~~~~~~~~~~~~~~~~~~~~
INFO [2018-05-10 03:42:52] t = 37
INFO [2018-05-10 03:52:26] ~~~~~~~~~~~~~~~~~~~~~~~~~~~~~~~~~~~~~~~~
INFO [2018-05-10 03:52:26] t = 38
INFO [2018-05-10 04:03:57] ~~~~~~~~~~~~~~~~~~~~~~~~~~~~~~~~~~~~~~~~
INFO [2018-05-10 04:03:57] t = 39
INFO [2018-05-10 04:13:26] ~~~~~~~~~~~~~~~~~~~~~~~~~~~~~~~~~~~~~~~~
INFO [2018-05-10 04:13:26] t = 40
INFO [2018-05-10 04:20:33] ~~~~~~~~~~~~~~~~~~~~~~~~~~~~~~~~~~~~~~~~
INFO [2018-05-10 04:20:33] t = 41
INFO [2018-05-10 04:31:36] ~~~~~~~~~~~~~~~~~~~~~~~~~~~~~~~~~~~~~~~~
INFO [2018-05-10 04:31:36] t = 42
INFO [2018-05-10 04:39:06] ~~~~~~~~~~~~~~~~~~~~~~~~~~~~~~~~~~~~~~~~
INFO [2018-05-10 04:39:06] t = 43
INFO [2018-05-10 04:51:37] ~~~~~~~~~~~~~~~~~~~~~~~~~~~~~~~~~~~~~~~~
INFO [2018-05-10 04:51:37] t = 44
INFO [2018-05-10 04:59:38] ~~~~~~~~~~~~~~~~~~~~~~~~~~~~~~~~~~~~~~~~
INFO [2018-05-10 04:59:38] t = 45
INFO [2018-05-10 05:07:13] ~~~~~~~~~~~~~~~~~~~~~~~~~~~~~~~~~~~~~~~~
INFO [2018-05-10 05:07:13] t = 46
INFO [2018-05-10 05:13:50] ~~~~~~~~~~~~~~~~~~~~~~~~~~~~~~~~~~~~~~~~
INFO [2018-05-10 05:13:50] t = 47
INFO [2018-05-10 05:23:29] ~~~~~~~~~~~~~~~~~~~~~~~~~~~~~~~~~~~~~~~~
INFO [2018-05-10 05:23:29] t = 48
INFO [2018-05-10 05:33:30] ~~~~~~~~~~~~~~~~~~~~~~~~~~~~~~~~~~~~~~~~
INFO [2018-05-10 05:33:30] t = 49
INFO [2018-05-10 05:43:30] ~~~~~~~~~~~~~~~~~~~~~~~~~~~~~~~~~~~~~~~~
INFO [2018-05-10 05:43:30] t = 50
INFO [2018-05-10 06:39:16] scenario 1 done in 8.8 hours
INFO [2018-05-10 06:39:16] all scenarios done in 8.8 hours
INFO [2018-05-10 06:39:16] all outputs written into /Users/E24661/offset_data/Sydney_Cumberland_Data//simulation_runs/00034/
